[27-Mar-2022 18:52:22 Europe/Berlin] PHP Warning:  Use of undefined constant APP_ROOT_DIR - assumed 'APP_ROOT_DIR' (this will throw an Error in a future version of PHP) in C:\xampp\htdocs\DWES05\soapserver\conf\conf.php on line 2
[27-Mar-2022 18:52:22 Europe/Berlin] PHP Warning:  Use of undefined constant APP_ROOT_DIR - assumed 'APP_ROOT_DIR' (this will throw an Error in a future version of PHP) in C:\xampp\htdocs\DWES05\soapserver\conf\conf.php on line 4
[27-Mar-2022 18:52:22 Europe/Berlin] PHP Warning:  Use of undefined constant APP_ROOT_DIR - assumed 'APP_ROOT_DIR' (this will throw an Error in a future version of PHP) in C:\xampp\htdocs\DWES05\soapserver\conf\conf.php on line 5
[27-Mar-2022 18:52:22 Europe/Berlin] PHP Warning:  Use of undefined constant APP_ROOT_DIR - assumed 'APP_ROOT_DIR' (this will throw an Error in a future version of PHP) in C:\xampp\htdocs\DWES05\soapserver\conf\conf.php on line 6
[27-Mar-2022 18:52:22 Europe/Berlin] PHP Warning:  Use of undefined constant APP_ROOT_DIR - assumed 'APP_ROOT_DIR' (this will throw an Error in a future version of PHP) in C:\xampp\htdocs\DWES05\soapserver\conf\conf.php on line 7
[27-Mar-2022 18:52:22](INFO)Se ha iniciado el servicio SoapServer en la url: http://localhost/dwes05/soapserver/tarea05.wsdl
[27-Mar-2022 18:52:22](INFO)Conexión establecida con la base de datos
[27-Mar-2022 18:52:22](INFO)Datos recibidos:stdClass Object
(
    [user] => 10
    [zona] => 2
    [fecha] => 2022-01-22
    [tramo] => stdClass Object
        (
            [horaInicio] => 09:00
            [horaFin] => 10:00
            [user] => 0
        )

)

[27-Mar-2022 18:52:22](INFO)Zona: 2
[27-Mar-2022 18:52:22](INFO)Fecha: 2022-01-22
[27-Mar-2022 18:52:22](INFO)Hora de Inicio:09:00
[27-Mar-2022 18:52:22](INFO)Hora de Fin:10:00
[27-Mar-2022 18:52:22 Europe/Berlin] PHP Notice:  Undefined variable: result in C:\xampp\htdocs\DWES05\soapserver\src\ReservasSoapHandler.php on line 103
[27-Mar-2022 18:54:33 Europe/Berlin] PHP Warning:  Use of undefined constant APP_ROOT_DIR - assumed 'APP_ROOT_DIR' (this will throw an Error in a future version of PHP) in C:\xampp\htdocs\DWES05\soapserver\conf\conf.php on line 2
[27-Mar-2022 18:54:33 Europe/Berlin] PHP Warning:  Use of undefined constant APP_ROOT_DIR - assumed 'APP_ROOT_DIR' (this will throw an Error in a future version of PHP) in C:\xampp\htdocs\DWES05\soapserver\conf\conf.php on line 4
[27-Mar-2022 18:54:33 Europe/Berlin] PHP Warning:  Use of undefined constant APP_ROOT_DIR - assumed 'APP_ROOT_DIR' (this will throw an Error in a future version of PHP) in C:\xampp\htdocs\DWES05\soapserver\conf\conf.php on line 5
[27-Mar-2022 18:54:33 Europe/Berlin] PHP Warning:  Use of undefined constant APP_ROOT_DIR - assumed 'APP_ROOT_DIR' (this will throw an Error in a future version of PHP) in C:\xampp\htdocs\DWES05\soapserver\conf\conf.php on line 6
[27-Mar-2022 18:54:33 Europe/Berlin] PHP Warning:  Use of undefined constant APP_ROOT_DIR - assumed 'APP_ROOT_DIR' (this will throw an Error in a future version of PHP) in C:\xampp\htdocs\DWES05\soapserver\conf\conf.php on line 7
[27-Mar-2022 18:54:33](INFO)Se ha iniciado el servicio SoapServer en la url: http://localhost/dwes05/soapserver/tarea05.wsdl
[27-Mar-2022 18:54:33](INFO)Conexión establecida con la base de datos
[27-Mar-2022 18:54:33](INFO)Datos recibidos:stdClass Object
(
    [user] => 10
    [zona] => 2
    [fecha] => 2022-01-22
    [tramo] => stdClass Object
        (
            [horaInicio] => 09:00
            [horaFin] => 10:00
            [user] => 0
        )

)

[27-Mar-2022 18:56:25 Europe/Berlin] PHP Warning:  Use of undefined constant APP_ROOT_DIR - assumed 'APP_ROOT_DIR' (this will throw an Error in a future version of PHP) in C:\xampp\htdocs\DWES05\soapserver\conf\conf.php on line 2
[27-Mar-2022 18:56:25 Europe/Berlin] PHP Warning:  Use of undefined constant APP_ROOT_DIR - assumed 'APP_ROOT_DIR' (this will throw an Error in a future version of PHP) in C:\xampp\htdocs\DWES05\soapserver\conf\conf.php on line 4
[27-Mar-2022 18:56:25 Europe/Berlin] PHP Warning:  Use of undefined constant APP_ROOT_DIR - assumed 'APP_ROOT_DIR' (this will throw an Error in a future version of PHP) in C:\xampp\htdocs\DWES05\soapserver\conf\conf.php on line 5
[27-Mar-2022 18:56:25 Europe/Berlin] PHP Warning:  Use of undefined constant APP_ROOT_DIR - assumed 'APP_ROOT_DIR' (this will throw an Error in a future version of PHP) in C:\xampp\htdocs\DWES05\soapserver\conf\conf.php on line 6
[27-Mar-2022 18:56:25 Europe/Berlin] PHP Warning:  Use of undefined constant APP_ROOT_DIR - assumed 'APP_ROOT_DIR' (this will throw an Error in a future version of PHP) in C:\xampp\htdocs\DWES05\soapserver\conf\conf.php on line 7
[27-Mar-2022 18:56:25](INFO)Se ha iniciado el servicio SoapServer en la url: http://localhost/dwes05/soapserver/tarea05.wsdl
[27-Mar-2022 18:56:25](INFO)Conexión establecida con la base de datos
[27-Mar-2022 18:56:25](INFO)Datos recibidos:stdClass Object
(
    [user] => 10
    [zona] => 2
    [fecha] => 2022-01-22
    [tramo] => stdClass Object
        (
            [horaInicio] => 09:00
            [horaFin] => 10:00
            [user] => 0
        )

)

[27-Mar-2022 18:56:25](INFO)User: 10
[27-Mar-2022 18:56:25](INFO)Zona: 2
[27-Mar-2022 18:56:25](INFO)Fecha: 2022-01-22
[27-Mar-2022 18:56:25](INFO)Hora de Inicio:09:00
[27-Mar-2022 18:56:25](INFO)Hora de Fin:10:00
[27-Mar-2022 18:56:25](INFO)result 
[27-Mar-2022 19:02:31 Europe/Berlin] PHP Warning:  Use of undefined constant APP_ROOT_DIR - assumed 'APP_ROOT_DIR' (this will throw an Error in a future version of PHP) in C:\xampp\htdocs\DWES05\soapserver\conf\conf.php on line 2
[27-Mar-2022 19:02:31 Europe/Berlin] PHP Warning:  Use of undefined constant APP_ROOT_DIR - assumed 'APP_ROOT_DIR' (this will throw an Error in a future version of PHP) in C:\xampp\htdocs\DWES05\soapserver\conf\conf.php on line 4
[27-Mar-2022 19:02:31 Europe/Berlin] PHP Warning:  Use of undefined constant APP_ROOT_DIR - assumed 'APP_ROOT_DIR' (this will throw an Error in a future version of PHP) in C:\xampp\htdocs\DWES05\soapserver\conf\conf.php on line 5
[27-Mar-2022 19:02:31 Europe/Berlin] PHP Warning:  Use of undefined constant APP_ROOT_DIR - assumed 'APP_ROOT_DIR' (this will throw an Error in a future version of PHP) in C:\xampp\htdocs\DWES05\soapserver\conf\conf.php on line 6
[27-Mar-2022 19:02:31 Europe/Berlin] PHP Warning:  Use of undefined constant APP_ROOT_DIR - assumed 'APP_ROOT_DIR' (this will throw an Error in a future version of PHP) in C:\xampp\htdocs\DWES05\soapserver\conf\conf.php on line 7
[27-Mar-2022 19:02:31](INFO)Se ha iniciado el servicio SoapServer en la url: http://localhost/dwes05/soapserver/tarea05.wsdl
[27-Mar-2022 19:02:31](INFO)Conexión establecida con la base de datos
[27-Mar-2022 19:02:31](INFO)Datos recibidos:stdClass Object
(
    [user] => 10
    [zona] => 2
    [fecha] => 2022-01-22
    [tramo] => stdClass Object
        (
            [horaInicio] => 09:00
            [horaFin] => 10:00
            [user] => 0
        )

)

[27-Mar-2022 19:02:31](INFO)User: 10
[27-Mar-2022 19:02:31](INFO)Zona: 2
[27-Mar-2022 19:02:31](INFO)Fecha: 2022-01-22
[27-Mar-2022 19:02:31](INFO)Hora de Inicio:09:00
[27-Mar-2022 19:02:31](INFO)errorConnect:
[27-Mar-2022 19:02:31](INFO)error:1
[27-Mar-2022 19:02:31](INFO)result 
[27-Mar-2022 19:06:05 Europe/Berlin] PHP Warning:  Use of undefined constant APP_ROOT_DIR - assumed 'APP_ROOT_DIR' (this will throw an Error in a future version of PHP) in C:\xampp\htdocs\DWES05\soapserver\conf\conf.php on line 2
[27-Mar-2022 19:06:05 Europe/Berlin] PHP Warning:  Use of undefined constant APP_ROOT_DIR - assumed 'APP_ROOT_DIR' (this will throw an Error in a future version of PHP) in C:\xampp\htdocs\DWES05\soapserver\conf\conf.php on line 4
[27-Mar-2022 19:06:05 Europe/Berlin] PHP Warning:  Use of undefined constant APP_ROOT_DIR - assumed 'APP_ROOT_DIR' (this will throw an Error in a future version of PHP) in C:\xampp\htdocs\DWES05\soapserver\conf\conf.php on line 5
[27-Mar-2022 19:06:05 Europe/Berlin] PHP Warning:  Use of undefined constant APP_ROOT_DIR - assumed 'APP_ROOT_DIR' (this will throw an Error in a future version of PHP) in C:\xampp\htdocs\DWES05\soapserver\conf\conf.php on line 6
[27-Mar-2022 19:06:05 Europe/Berlin] PHP Warning:  Use of undefined constant APP_ROOT_DIR - assumed 'APP_ROOT_DIR' (this will throw an Error in a future version of PHP) in C:\xampp\htdocs\DWES05\soapserver\conf\conf.php on line 7
[27-Mar-2022 19:06:05](INFO)Se ha iniciado el servicio SoapServer en la url: http://localhost/dwes05/soapserver/tarea05.wsdl
[27-Mar-2022 19:06:05](INFO)Conexión establecida con la base de datos
[27-Mar-2022 19:06:05](INFO)Datos recibidos:stdClass Object
(
    [user] => 10
    [zona] => 2
    [fecha] => 2022-01-22
    [tramo] => stdClass Object
        (
            [horaInicio] => 09:00
            [horaFin] => 10:00
            [user] => 0
        )

)

[27-Mar-2022 19:06:05](INFO)User: 10
[27-Mar-2022 19:06:05](INFO)Zona: 2
[27-Mar-2022 19:06:05](INFO)Fecha: 2022-01-22
[27-Mar-2022 19:06:05](INFO)Hora de Inicio:09:00
[27-Mar-2022 19:06:05](INFO)errorConnect:
[27-Mar-2022 19:06:05](INFO)error:
[27-Mar-2022 19:06:05](INFO)result 1
[27-Mar-2022 19:06:05](INFO)result 1
[27-Mar-2022 19:07:51 Europe/Berlin] PHP Warning:  Use of undefined constant APP_ROOT_DIR - assumed 'APP_ROOT_DIR' (this will throw an Error in a future version of PHP) in C:\xampp\htdocs\DWES05\soapserver\conf\conf.php on line 2
[27-Mar-2022 19:07:51 Europe/Berlin] PHP Warning:  Use of undefined constant APP_ROOT_DIR - assumed 'APP_ROOT_DIR' (this will throw an Error in a future version of PHP) in C:\xampp\htdocs\DWES05\soapserver\conf\conf.php on line 4
[27-Mar-2022 19:07:51 Europe/Berlin] PHP Warning:  Use of undefined constant APP_ROOT_DIR - assumed 'APP_ROOT_DIR' (this will throw an Error in a future version of PHP) in C:\xampp\htdocs\DWES05\soapserver\conf\conf.php on line 5
[27-Mar-2022 19:07:51 Europe/Berlin] PHP Warning:  Use of undefined constant APP_ROOT_DIR - assumed 'APP_ROOT_DIR' (this will throw an Error in a future version of PHP) in C:\xampp\htdocs\DWES05\soapserver\conf\conf.php on line 6
[27-Mar-2022 19:07:51 Europe/Berlin] PHP Warning:  Use of undefined constant APP_ROOT_DIR - assumed 'APP_ROOT_DIR' (this will throw an Error in a future version of PHP) in C:\xampp\htdocs\DWES05\soapserver\conf\conf.php on line 7
[27-Mar-2022 19:07:51](INFO)Se ha iniciado el servicio SoapServer en la url: http://localhost/dwes05/soapserver/tarea05.wsdl
[27-Mar-2022 19:07:51](INFO)Conexión establecida con la base de datos
[27-Mar-2022 19:07:51](INFO)Datos recibidos:stdClass Object
(
    [user] => 10
    [zona] => 2
    [fecha] => 2022-01-22
    [tramo] => stdClass Object
        (
            [horaInicio] => 11:00
            [horaFin] => 12:00
            [user] => 0
        )

)

[27-Mar-2022 19:07:51](INFO)User: 10
[27-Mar-2022 19:07:51](INFO)Zona: 2
[27-Mar-2022 19:07:51](INFO)Fecha: 2022-01-22
[27-Mar-2022 19:07:51](INFO)Hora de Inicio:11:00
[27-Mar-2022 19:07:51](INFO)errorConnect:
[27-Mar-2022 19:07:51](INFO)error:
[27-Mar-2022 19:07:51](INFO)result 1
[27-Mar-2022 19:07:51](INFO)result 1
[27-Mar-2022 19:08:59 Europe/Berlin] PHP Warning:  Use of undefined constant APP_ROOT_DIR - assumed 'APP_ROOT_DIR' (this will throw an Error in a future version of PHP) in C:\xampp\htdocs\DWES05\soapserver\conf\conf.php on line 2
[27-Mar-2022 19:08:59 Europe/Berlin] PHP Warning:  Use of undefined constant APP_ROOT_DIR - assumed 'APP_ROOT_DIR' (this will throw an Error in a future version of PHP) in C:\xampp\htdocs\DWES05\soapserver\conf\conf.php on line 4
[27-Mar-2022 19:08:59 Europe/Berlin] PHP Warning:  Use of undefined constant APP_ROOT_DIR - assumed 'APP_ROOT_DIR' (this will throw an Error in a future version of PHP) in C:\xampp\htdocs\DWES05\soapserver\conf\conf.php on line 5
[27-Mar-2022 19:08:59 Europe/Berlin] PHP Warning:  Use of undefined constant APP_ROOT_DIR - assumed 'APP_ROOT_DIR' (this will throw an Error in a future version of PHP) in C:\xampp\htdocs\DWES05\soapserver\conf\conf.php on line 6
[27-Mar-2022 19:08:59 Europe/Berlin] PHP Warning:  Use of undefined constant APP_ROOT_DIR - assumed 'APP_ROOT_DIR' (this will throw an Error in a future version of PHP) in C:\xampp\htdocs\DWES05\soapserver\conf\conf.php on line 7
[27-Mar-2022 19:08:59](INFO)Se ha iniciado el servicio SoapServer en la url: http://localhost/dwes05/soapserver/tarea05.wsdl
[27-Mar-2022 19:08:59](INFO)Conexión establecida con la base de datos
[27-Mar-2022 19:08:59](INFO)Datos recibidos:stdClass Object
(
    [user] => 10
    [zona] => 2
    [fecha] => 2022-01-20
    [tramo] => stdClass Object
        (
            [horaInicio] => 10:00
            [horaFin] => 11:00
            [user] => 0
        )

)

[27-Mar-2022 19:08:59](INFO)User: 10
[27-Mar-2022 19:08:59](INFO)Zona: 2
[27-Mar-2022 19:08:59](INFO)Fecha: 2022-01-20
[27-Mar-2022 19:08:59](INFO)Hora de Inicio:10:00
[27-Mar-2022 19:08:59](INFO)errorConnect:
[27-Mar-2022 19:08:59](INFO)error:
[27-Mar-2022 19:08:59](INFO)result -1
[27-Mar-2022 19:08:59](INFO)result -1
[27-Mar-2022 19:10:32 Europe/Berlin] PHP Warning:  Use of undefined constant APP_ROOT_DIR - assumed 'APP_ROOT_DIR' (this will throw an Error in a future version of PHP) in C:\xampp\htdocs\DWES05\soapserver\conf\conf.php on line 2
[27-Mar-2022 19:10:32 Europe/Berlin] PHP Warning:  Use of undefined constant APP_ROOT_DIR - assumed 'APP_ROOT_DIR' (this will throw an Error in a future version of PHP) in C:\xampp\htdocs\DWES05\soapserver\conf\conf.php on line 4
[27-Mar-2022 19:10:32 Europe/Berlin] PHP Warning:  Use of undefined constant APP_ROOT_DIR - assumed 'APP_ROOT_DIR' (this will throw an Error in a future version of PHP) in C:\xampp\htdocs\DWES05\soapserver\conf\conf.php on line 5
[27-Mar-2022 19:10:32 Europe/Berlin] PHP Warning:  Use of undefined constant APP_ROOT_DIR - assumed 'APP_ROOT_DIR' (this will throw an Error in a future version of PHP) in C:\xampp\htdocs\DWES05\soapserver\conf\conf.php on line 6
[27-Mar-2022 19:10:32 Europe/Berlin] PHP Warning:  Use of undefined constant APP_ROOT_DIR - assumed 'APP_ROOT_DIR' (this will throw an Error in a future version of PHP) in C:\xampp\htdocs\DWES05\soapserver\conf\conf.php on line 7
[27-Mar-2022 19:10:32](INFO)Se ha iniciado el servicio SoapServer en la url: http://localhost/dwes05/soapserver/tarea05.wsdl
[27-Mar-2022 19:10:32](INFO)Conexión establecida con la base de datos
[28-Mar-2022 23:37:59 Europe/Berlin] PHP Warning:  Use of undefined constant APP_ROOT_DIR - assumed 'APP_ROOT_DIR' (this will throw an Error in a future version of PHP) in C:\xampp\htdocs\DWES05\soapserver\conf\conf.php on line 2
[28-Mar-2022 23:37:59 Europe/Berlin] PHP Warning:  Use of undefined constant APP_ROOT_DIR - assumed 'APP_ROOT_DIR' (this will throw an Error in a future version of PHP) in C:\xampp\htdocs\DWES05\soapserver\conf\conf.php on line 4
[28-Mar-2022 23:37:59 Europe/Berlin] PHP Warning:  Use of undefined constant APP_ROOT_DIR - assumed 'APP_ROOT_DIR' (this will throw an Error in a future version of PHP) in C:\xampp\htdocs\DWES05\soapserver\conf\conf.php on line 5
[28-Mar-2022 23:37:59 Europe/Berlin] PHP Warning:  Use of undefined constant APP_ROOT_DIR - assumed 'APP_ROOT_DIR' (this will throw an Error in a future version of PHP) in C:\xampp\htdocs\DWES05\soapserver\conf\conf.php on line 6
[28-Mar-2022 23:37:59 Europe/Berlin] PHP Warning:  Use of undefined constant APP_ROOT_DIR - assumed 'APP_ROOT_DIR' (this will throw an Error in a future version of PHP) in C:\xampp\htdocs\DWES05\soapserver\conf\conf.php on line 7
[28-Mar-2022 23:37:59](INFO)Se ha iniciado el servicio SoapServer en la url: http://localhost/dwes05/soapserver/tarea05.wsdl
[28-Mar-2022 23:37:59](INFO)Conexión establecida con la base de datos
[28-Mar-2022 23:37:59](1)Datos fecha:2022-01-20
[28-Mar-2022 23:37:59](2)Datos zona: 
[28-Mar-2022 23:37:59](INFO)Error: 
[28-Mar-2022 23:37:59](1)bucle $resultado: 
[28-Mar-2022 23:37:59](1)bucle $resultado: 
[28-Mar-2022 23:37:59](1)bucle $resultado: 
[28-Mar-2022 23:37:59](1)bucle $resultado: 
[28-Mar-2022 23:37:59](INFO)Tramos encontrados:class@anonymous Object
(
    [tramo] => Array
        (
            [0] => class@anonymous Object
                (
                    [horaInicio] => 10:00:00
                    [horaFin] => 10:59:00
                    [user] => 10
                )

            [1] => class@anonymous Object
                (
                    [horaInicio] => 12:00:00
                    [horaFin] => 12:59:00
                    [user] => 11
                )

            [2] => class@anonymous Object
                (
                    [horaInicio] => 15:00:00
                    [horaFin] => 16:00:00
                    [user] => 10
                )

            [3] => class@anonymous Object
                (
                    [horaInicio] => 16:30:00
                    [horaFin] => 17:29:00
                    [user] => 12
                )

        )

)

[28-Mar-2022 23:37:59](INFO)listaReservas SoapHandler:class@anonymous Object
(
    [fecha] => 2022-01-20
    [zona] => 2
    [reservas] => class@anonymous Object
        (
            [tramo] => Array
                (
                    [0] => class@anonymous Object
                        (
                            [horaInicio] => 10:00:00
                            [horaFin] => 10:59:00
                            [user] => 10
                        )

                    [1] => class@anonymous Object
                        (
                            [horaInicio] => 12:00:00
                            [horaFin] => 12:59:00
                            [user] => 11
                        )

                    [2] => class@anonymous Object
                        (
                            [horaInicio] => 15:00:00
                            [horaFin] => 16:00:00
                            [user] => 10
                        )

                    [3] => class@anonymous Object
                        (
                            [horaInicio] => 16:30:00
                            [horaFin] => 17:29:00
                            [user] => 12
                        )

                )

        )

)

